<?xml version="1.0" encoding="utf-8"?><testsuites name="pytest tests"><testsuite name="pytest" errors="0" failures="0" skipped="0" tests="12" time="4.439" timestamp="2026-06-09T06:56:00.042792+00:00" hostname="agent-env-259c6e1e-5026-4e1a-b4b7-d11c88fb33e7"><testcase classname="backend.tests.test_iteration4_trivia.TestAdminTriviaCRUD" name="test_admin_list_questions_seeded" time="0.494" /><testcase classname="backend.tests.test_iteration4_trivia.TestAdminTriviaCRUD" name="test_admin_stats" time="0.121" /><testcase classname="backend.tests.test_iteration4_trivia.TestAdminTriviaCRUD" name="test_admin_requires_auth" time="0.112" /><testcase classname="backend.tests.test_iteration4_trivia.TestAdminTriviaCRUD" name="test_admin_create_update_toggle_delete" time="0.895" /><testcase classname="backend.tests.test_iteration4_trivia.TestAdminTriviaCRUD" name="test_admin_validates_choices_count" time="0.105" /><testcase classname="backend.tests.test_iteration4_trivia.TestTriviaPlay" name="test_start_requires_auth" time="0.105" /><testcase classname="backend.tests.test_iteration4_trivia.TestTriviaPlay" name="test_start_session_returns_10_questions" time="0.441" /><testcase classname="backend.tests.test_iteration4_trivia.TestTriviaPlay" name="test_full_session_flow_with_scoring" time="1.392" /><testcase classname="backend.tests.test_iteration4_trivia.TestTriviaPlay" name="test_timeout_answer_with_minus_one" time="0.207" /><testcase classname="backend.tests.test_iteration4_trivia.TestTriviaPlay" name="test_my_stats_after_play" time="0.105" /><testcase classname="backend.tests.test_iteration4_trivia.TestTriviaPlay" name="test_leaderboard_includes_user" time="0.100" /><testcase classname="backend.tests.test_iteration4_trivia.TestTriviaPlay" name="test_invalid_session_404" time="0.101" /></testsuite></testsuites>