<?xml version="1.0" encoding="utf-8"?><testsuites name="pytest tests"><testsuite name="pytest" errors="0" failures="0" skipped="0" tests="17" time="1.501" timestamp="2026-06-07T12:40:08.267682+00:00" hostname="agent-env-259c6e1e-5026-4e1a-b4b7-d11c88fb33e7"><testcase classname="backend.tests.test_iteration3.TestSeed72Groups" name="test_total_match_count_72" time="0.174" /><testcase classname="backend.tests.test_iteration3.TestSeed72Groups" name="test_twelve_groups_a_to_l" time="0.000" /><testcase classname="backend.tests.test_iteration3.TestSeed72Groups" name="test_each_group_has_six_matches" time="0.000" /><testcase classname="backend.tests.test_iteration3.TestSeed72Groups" name="test_each_match_has_venue_and_kickoff" time="0.000" /><testcase classname="backend.tests.test_iteration3.TestSaudiArabiaGroupH" name="test_saudi_arabia_three_matches_in_group_h" time="0.000" /><testcase classname="backend.tests.test_iteration3.TestSaudiArabiaGroupH" name="test_group_h_includes_spain_cape_verde_saudi_uruguay" time="0.000" /><testcase classname="backend.tests.test_iteration3.TestStreamUrl" name="test_set_stream_url_admin" time="0.195" /><testcase classname="backend.tests.test_iteration3.TestStreamUrl" name="test_set_stream_url_requires_admin" time="0.046" /><testcase classname="backend.tests.test_iteration3.TestStreamUrl" name="test_set_stream_url_404_unknown_match" time="0.047" /><testcase classname="backend.tests.test_iteration3.TestXlsxExports" name="test_match_export_requires_admin" time="0.044" /><testcase classname="backend.tests.test_iteration3.TestXlsxExports" name="test_match_export_returns_xlsx" time="0.224" /><testcase classname="backend.tests.test_iteration3.TestXlsxExports" name="test_all_predictions_export_requires_admin" time="0.045" /><testcase classname="backend.tests.test_iteration3.TestXlsxExports" name="test_all_predictions_export_returns_xlsx" time="0.054" /><testcase classname="backend.tests.test_iteration3.TestRegression" name="test_register_and_login" time="0.092" /><testcase classname="backend.tests.test_iteration3.TestRegression" name="test_submit_prediction_on_upcoming_match" time="0.091" /><testcase classname="backend.tests.test_iteration3.TestRegression" name="test_leaderboard_endpoint_works" time="0.044" /><testcase classname="backend.tests.test_iteration3.TestRegression" name="test_latest_winners_endpoint_works" time="0.047" /></testsuite></testsuites>