<?xml version="1.0" encoding="utf-8"?><testsuites name="pytest tests"><testsuite name="pytest" errors="0" failures="1" skipped="0" tests="39" time="4.012" timestamp="2026-06-07T12:40:14.756428+00:00" hostname="agent-env-259c6e1e-5026-4e1a-b4b7-d11c88fb33e7"><testcase classname="backend.tests.backend_test.TestMatches" name="test_list_matches_seeded" time="0.174" /><testcase classname="backend.tests.backend_test.TestAuth" name="test_register_creates" time="0.054" /><testcase classname="backend.tests.backend_test.TestAuth" name="test_register_idempotent" time="0.124" /><testcase classname="backend.tests.backend_test.TestAuth" name="test_register_bad_payload" time="0.052" /><testcase classname="backend.tests.backend_test.TestAuth" name="test_login_success" time="0.098" /><testcase classname="backend.tests.backend_test.TestAuth" name="test_login_unknown" time="0.050" /><testcase classname="backend.tests.backend_test.TestAdminAuth" name="test_admin_check_wrong" time="0.066" /><testcase classname="backend.tests.backend_test.TestAdminAuth" name="test_admin_check_correct" time="0.049" /><testcase classname="backend.tests.backend_test.TestAdminAuth" name="test_admin_route_requires_password" time="0.102" /><testcase classname="backend.tests.backend_test.TestPredictionsFlow" name="test_submit_prediction_and_winner_autoderived" time="0.264" /><testcase classname="backend.tests.backend_test.TestPredictionsFlow" name="test_prediction_update_idempotent" time="0.111" /><testcase classname="backend.tests.backend_test.TestPredictionsFlow" name="test_predictions_locked_when_not_finished" time="0.054" /><testcase classname="backend.tests.backend_test.TestPredictionsFlow" name="test_set_status_live_blocks_predictions" time="0.195" /><testcase classname="backend.tests.backend_test.TestPredictionsFlow" name="test_submit_result_updates_points_and_leaderboard" time="0.215" /><testcase classname="backend.tests.backend_test.TestPredictionsFlow" name="test_predict_finished_match_rejected" time="0.058" /><testcase classname="backend.tests.backend_test.TestLeaderboardAntiCheat" name="test_leaderboard_endpoint" time="0.051" /><testcase classname="backend.tests.test_iteration2.TestFiveMinuteLock" name="test_predict_locked_within_5min" time="0.239" /><testcase classname="backend.tests.test_iteration2.TestFiveMinuteLock" name="test_predict_unlocked_outside_5min" time="0.134" /><testcase classname="backend.tests.test_iteration2.TestFiveMinuteLock" name="test_predict_locked_exactly_at_5min" time="0.132" /><testcase classname="backend.tests.test_iteration2.TestAdminMatchPredictions" name="test_returns_employee_name_id_and_timestamp" time="0.314" /><testcase classname="backend.tests.test_iteration2.TestWinnersLatest" name="test_winners_after_result" time="0.275"><failure message="AssertionError: assert '402bcaec-f9e...-e9fee25d7cbe' == '85997171-b5e...-523bc086e371'&#10;  &#10;  - 85997171-b5e0-4ecf-9dd7-523bc086e371&#10;  + 402bcaec-f9e9-495f-9238-e9fee25d7cbe">backend/tests/test_iteration2.py:187: in test_winners_after_result
    assert body["match"]["id"] == m["id"]
E   AssertionError: assert '402bcaec-f9e...-e9fee25d7cbe' == '85997171-b5e...-523bc086e371'
E     
E     - 85997171-b5e0-4ecf-9dd7-523bc086e371
E     + 402bcaec-f9e9-495f-9238-e9fee25d7cbe</failure></testcase><testcase classname="backend.tests.test_iteration2.TestWinnersLatest" name="test_winners_latest_structure_when_present" time="0.044" /><testcase classname="backend.tests.test_iteration3.TestSeed72Groups" name="test_total_match_count_72" time="0.102" /><testcase classname="backend.tests.test_iteration3.TestSeed72Groups" name="test_twelve_groups_a_to_l" time="0.000" /><testcase classname="backend.tests.test_iteration3.TestSeed72Groups" name="test_each_group_has_six_matches" time="0.000" /><testcase classname="backend.tests.test_iteration3.TestSeed72Groups" name="test_each_match_has_venue_and_kickoff" time="0.000" /><testcase classname="backend.tests.test_iteration3.TestSaudiArabiaGroupH" name="test_saudi_arabia_three_matches_in_group_h" time="0.000" /><testcase classname="backend.tests.test_iteration3.TestSaudiArabiaGroupH" name="test_group_h_includes_spain_cape_verde_saudi_uruguay" time="0.000" /><testcase classname="backend.tests.test_iteration3.TestStreamUrl" name="test_set_stream_url_admin" time="0.191" /><testcase classname="backend.tests.test_iteration3.TestStreamUrl" name="test_set_stream_url_requires_admin" time="0.045" /><testcase classname="backend.tests.test_iteration3.TestStreamUrl" name="test_set_stream_url_404_unknown_match" time="0.046" /><testcase classname="backend.tests.test_iteration3.TestXlsxExports" name="test_match_export_requires_admin" time="0.046" /><testcase classname="backend.tests.test_iteration3.TestXlsxExports" name="test_match_export_returns_xlsx" time="0.054" /><testcase classname="backend.tests.test_iteration3.TestXlsxExports" name="test_all_predictions_export_requires_admin" time="0.047" /><testcase classname="backend.tests.test_iteration3.TestXlsxExports" name="test_all_predictions_export_returns_xlsx" time="0.056" /><testcase classname="backend.tests.test_iteration3.TestRegression" name="test_register_and_login" time="0.091" /><testcase classname="backend.tests.test_iteration3.TestRegression" name="test_submit_prediction_on_upcoming_match" time="0.092" /><testcase classname="backend.tests.test_iteration3.TestRegression" name="test_leaderboard_endpoint_works" time="0.047" /><testcase classname="backend.tests.test_iteration3.TestRegression" name="test_latest_winners_endpoint_works" time="0.048" /></testsuite></testsuites>