<?xml version="1.0" encoding="utf-8"?><testsuites name="pytest tests"><testsuite name="pytest" errors="0" failures="0" skipped="0" tests="22" time="3.154" timestamp="2026-06-07T12:22:03.357912+00:00" hostname="agent-env-259c6e1e-5026-4e1a-b4b7-d11c88fb33e7"><testcase classname="backend.tests.test_iteration2.TestFiveMinuteLock" name="test_predict_locked_within_5min" time="0.410" /><testcase classname="backend.tests.test_iteration2.TestFiveMinuteLock" name="test_predict_unlocked_outside_5min" time="0.151" /><testcase classname="backend.tests.test_iteration2.TestFiveMinuteLock" name="test_predict_locked_exactly_at_5min" time="0.149" /><testcase classname="backend.tests.test_iteration2.TestAdminMatchPredictions" name="test_returns_employee_name_id_and_timestamp" time="0.355" /><testcase classname="backend.tests.test_iteration2.TestWinnersLatest" name="test_winners_after_result" time="0.300" /><testcase classname="backend.tests.test_iteration2.TestWinnersLatest" name="test_winners_latest_structure_when_present" time="0.047" /><testcase classname="backend.tests.backend_test.TestMatches" name="test_list_matches_seeded" time="0.135" /><testcase classname="backend.tests.backend_test.TestAuth" name="test_register_creates" time="0.046" /><testcase classname="backend.tests.backend_test.TestAuth" name="test_register_idempotent" time="0.087" /><testcase classname="backend.tests.backend_test.TestAuth" name="test_register_bad_payload" time="0.046" /><testcase classname="backend.tests.backend_test.TestAuth" name="test_login_success" time="0.087" /><testcase classname="backend.tests.backend_test.TestAuth" name="test_login_unknown" time="0.043" /><testcase classname="backend.tests.backend_test.TestAdminAuth" name="test_admin_check_wrong" time="0.042" /><testcase classname="backend.tests.backend_test.TestAdminAuth" name="test_admin_check_correct" time="0.042" /><testcase classname="backend.tests.backend_test.TestAdminAuth" name="test_admin_route_requires_password" time="0.088" /><testcase classname="backend.tests.backend_test.TestPredictionsFlow" name="test_submit_prediction_and_winner_autoderived" time="0.258" /><testcase classname="backend.tests.backend_test.TestPredictionsFlow" name="test_prediction_update_idempotent" time="0.090" /><testcase classname="backend.tests.backend_test.TestPredictionsFlow" name="test_predictions_locked_when_not_finished" time="0.044" /><testcase classname="backend.tests.backend_test.TestPredictionsFlow" name="test_set_status_live_blocks_predictions" time="0.257" /><testcase classname="backend.tests.backend_test.TestPredictionsFlow" name="test_submit_result_updates_points_and_leaderboard" time="0.179" /><testcase classname="backend.tests.backend_test.TestPredictionsFlow" name="test_predict_finished_match_rejected" time="0.046" /><testcase classname="backend.tests.backend_test.TestLeaderboardAntiCheat" name="test_leaderboard_endpoint" time="0.044" /></testsuite></testsuites>